# JRE version: OpenJDK Runtime Environment (8.0_151-b12) (build 1.8.0_151-8u151-b12-0ubuntu0.16.04.2-b12)
# Java VM: OpenJDK 64-Bit Server VM (25.151-b12 mixed mode linux-amd64 compressed oops)
Heap:
 PSYoungGen      total 210944K, used 32K [0x00000000eb700000, 0x00000000f8580000, 0x0000000100000000)
  eden space 210432K, 0% used [0x00000000eb700000,0x00000000eb700000,0x00000000f8480000)
  from space 512K, 6% used [0x00000000f8480000,0x00000000f8488000,0x00000000f8500000)
  to   space 512K, 0% used [0x00000000f8500000,0x00000000f8500000,0x00000000f8580000)
 ParOldGen       total 60928K, used 49964K [0x00000000c2400000, 0x00000000c5f80000, 0x00000000eb700000)
  object space 60928K, 82% used [0x00000000c2400000,0x00000000c54cb1d0,0x00000000c5f80000)
 Metaspace       used 59660K, capacity 62690K, committed 62888K, reserved 1103872K
  class space    used 7987K, capacity 8553K, committed 8616K, reserved 1048576K
GC Heap History (10 events):
Event: 18217,044 GC heap after
Heap after GC invocations=131 (full 3):
 PSYoungGen      total 169472K, used 64K [0x00000000eb700000, 0x00000000f6200000, 0x0000000100000000)
  eden space 168960K, 0% used [0x00000000eb700000,0x00000000eb700000,0x00000000f5c00000)
  from space 512K, 12% used [0x00000000f5c80000,0x00000000f5c90000,0x00000000f5d00000)
  to   space 512K, 0% used [0x00000000f5c00000,0x00000000f5c00000,0x00000000f5c80000)
 ParOldGen       total 60928K, used 49964K [0x00000000c2400000, 0x00000000c5f80000, 0x00000000eb700000)
  object space 60928K, 82% used [0x00000000c2400000,0x00000000c54cb1d0,0x00000000c5f80000)
 Metaspace       used 59660K, capacity 62690K, committed 62888K, reserved 1103872K
  class space    used 7987K, capacity 8553K, committed 8616K, reserved 1048576K
}
Event: 18217,933 GC heap before
{Heap before GC invocations=132 (full 3):
 PSYoungGen      total 169472K, used 169024K [0x00000000eb700000, 0x00000000f6200000, 0x0000000100000000)
  eden space 168960K, 100% used [0x00000000eb700000,0x00000000f5c00000,0x00000000f5c00000)
  from space 512K, 12% used [0x00000000f5c80000,0x00000000f5c90000,0x00000000f5d00000)
  to   space 512K, 0% used [0x00000000f5c00000,0x00000000f5c00000,0x00000000f5c80000)
 ParOldGen       total 60928K, used 49964K [0x00000000c2400000, 0x00000000c5f80000, 0x00000000eb700000)
  object space 60928K, 82% used [0x00000000c2400000,0x00000000c54cb1d0,0x00000000c5f80000)
 Metaspace       used 59660K, capacity 62690K, committed 62888K, reserved 1103872K
  class space    used 7987K, capacity 8553K, committed 8616K, reserved 1048576K
Event: 18217,943 GC heap after
Heap after GC invocations=132 (full 3):
 PSYoungGen      total 169472K, used 32K [0x00000000eb700000, 0x00000000f6e00000, 0x0000000100000000)
  eden space 168960K, 0% used [0x00000000eb700000,0x00000000eb700000,0x00000000f5c00000)
  from space 512K, 6% used [0x00000000f5c00000,0x00000000f5c08000,0x00000000f5c80000)
  to   space 512K, 0% used [0x00000000f6d80000,0x00000000f6d80000,0x00000000f6e00000)
 ParOldGen       total 60928K, used 49964K [0x00000000c2400000, 0x00000000c5f80000, 0x00000000eb700000)
  object space 60928K, 82% used [0x00000000c2400000,0x00000000c54cb1d0,0x00000000c5f80000)
 Metaspace       used 59660K, capacity 62690K, committed 62888K, reserved 1103872K
  class space    used 7987K, capacity 8553K, committed 8616K, reserved 1048576K
}
Event: 18218,951 GC heap before
{Heap before GC invocations=133 (full 3):
 PSYoungGen      total 169472K, used 168992K [0x00000000eb700000, 0x00000000f6e00000, 0x0000000100000000)
  eden space 168960K, 100% used [0x00000000eb700000,0x00000000f5c00000,0x00000000f5c00000)
  from space 512K, 6% used [0x00000000f5c00000,0x00000000f5c08000,0x00000000f5c80000)
  to   space 512K, 0% used [0x00000000f6d80000,0x00000000f6d80000,0x00000000f6e00000)
 ParOldGen       total 60928K, used 49964K [0x00000000c2400000, 0x00000000c5f80000, 0x00000000eb700000)
  object space 60928K, 82% used [0x00000000c2400000,0x00000000c54cb1d0,0x00000000c5f80000)
 Metaspace       used 59660K, capacity 62690K, committed 62888K, reserved 1103872K
  class space    used 7987K, capacity 8553K, committed 8616K, reserved 1048576K
Event: 18218,977 GC heap after
Heap after GC invocations=133 (full 3):
 PSYoungGen      total 185856K, used 32K [0x00000000eb700000, 0x00000000f6e00000, 0x0000000100000000)
  eden space 185344K, 0% used [0x00000000eb700000,0x00000000eb700000,0x00000000f6c00000)
  from space 512K, 6% used [0x00000000f6d80000,0x00000000f6d88000,0x00000000f6e00000)
  to   space 512K, 0% used [0x00000000f6d00000,0x00000000f6d00000,0x00000000f6d80000)
 ParOldGen       total 60928K, used 49964K [0x00000000c2400000, 0x00000000c5f80000, 0x00000000eb700000)
  object space 60928K, 82% used [0x00000000c2400000,0x00000000c54cb1d0,0x00000000c5f80000)
 Metaspace       used 59660K, capacity 62690K, committed 62888K, reserved 1103872K
  class space    used 7987K, capacity 8553K, committed 8616K, reserved 1048576K
}
Event: 18219,772 GC heap before
{Heap before GC invocations=134 (full 3):
 PSYoungGen      total 185856K, used 185376K [0x00000000eb700000, 0x00000000f6e00000, 0x0000000100000000)
  eden space 185344K, 100% used [0x00000000eb700000,0x00000000f6c00000,0x00000000f6c00000)
  from space 512K, 6% used [0x00000000f6d80000,0x00000000f6d88000,0x00000000f6e00000)
  to   space 512K, 0% used [0x00000000f6d00000,0x00000000f6d00000,0x00000000f6d80000)
 ParOldGen       total 60928K, used 49964K [0x00000000c2400000, 0x00000000c5f80000, 0x00000000eb700000)
  object space 60928K, 82% used [0x00000000c2400000,0x00000000c54cb1d0,0x00000000c5f80000)
 Metaspace       used 59660K, capacity 62690K, committed 62888K, reserved 1103872K
  class space    used 7987K, capacity 8553K, committed 8616K, reserved 1048576K
Event: 18220,056 GC heap after
Heap after GC invocations=134 (full 3):
 PSYoungGen      total 186880K, used 64K [0x00000000eb700000, 0x00000000f8580000, 0x0000000100000000)
  eden space 186368K, 0% used [0x00000000eb700000,0x00000000eb700000,0x00000000f6d00000)
  from space 512K, 12% used [0x00000000f6d00000,0x00000000f6d10000,0x00000000f6d80000)
  to   space 512K, 0% used [0x00000000f8500000,0x00000000f8500000,0x00000000f8580000)
 ParOldGen       total 60928K, used 49964K [0x00000000c2400000, 0x00000000c5f80000, 0x00000000eb700000)
  object space 60928K, 82% used [0x00000000c2400000,0x00000000c54cb1d0,0x00000000c5f80000)
 Metaspace       used 59660K, capacity 62690K, committed 62888K, reserved 1103872K
  class space    used 7987K, capacity 8553K, committed 8616K, reserved 1048576K
}
Event: 18220,944 GC heap before
{Heap before GC invocations=135 (full 3):
 PSYoungGen      total 186880K, used 186432K [0x00000000eb700000, 0x00000000f8580000, 0x0000000100000000)
  eden space 186368K, 100% used [0x00000000eb700000,0x00000000f6d00000,0x00000000f6d00000)
  from space 512K, 12% used [0x00000000f6d00000,0x00000000f6d10000,0x00000000f6d80000)
  to   space 512K, 0% used [0x00000000f8500000,0x00000000f8500000,0x00000000f8580000)
 ParOldGen       total 60928K, used 49964K [0x00000000c2400000, 0x00000000c5f80000, 0x00000000eb700000)
  object space 60928K, 82% used [0x00000000c2400000,0x00000000c54cb1d0,0x00000000c5f80000)
 Metaspace       used 59660K, capacity 62690K, committed 62888K, reserved 1103872K
  class space    used 7987K, capacity 8553K, committed 8616K, reserved 1048576K
Event: 18220,991 GC heap after
Heap after GC invocations=135 (full 3):
 PSYoungGen      total 210944K, used 32K [0x00000000eb700000, 0x00000000f8580000, 0x0000000100000000)
  eden space 210432K, 0% used [0x00000000eb700000,0x00000000eb700000,0x00000000f8480000)
  from space 512K, 6% used [0x00000000f8500000,0x00000000f8508000,0x00000000f8580000)
  to   space 512K, 0% used [0x00000000f8480000,0x00000000f8480000,0x00000000f8500000)
 ParOldGen       total 60928K, used 49964K [0x00000000c2400000, 0x00000000c5f80000, 0x00000000eb700000)
  object space 60928K, 82% used [0x00000000c2400000,0x00000000c54cb1d0,0x00000000c5f80000)
 Metaspace       used 59660K, capacity 62690K, committed 62888K, reserved 1103872K
  class space    used 7987K, capacity 8553K, committed 8616K, reserved 1048576K
}
Event: 18222,665 GC heap before
{Heap before GC invocations=136 (full 3):
 PSYoungGen      total 210944K, used 210464K [0x00000000eb700000, 0x00000000f8580000, 0x0000000100000000)
  eden space 210432K, 100% used [0x00000000eb700000,0x00000000f8480000,0x00000000f8480000)
  from space 512K, 6% used [0x00000000f8500000,0x00000000f8508000,0x00000000f8580000)
  to   space 512K, 0% used [0x00000000f8480000,0x00000000f8480000,0x00000000f8500000)
 ParOldGen       total 60928K, used 49964K [0x00000000c2400000, 0x00000000c5f80000, 0x00000000eb700000)
  object space 60928K, 82% used [0x00000000c2400000,0x00000000c54cb1d0,0x00000000c5f80000)
 Metaspace       used 59660K, capacity 62690K, committed 62888K, reserved 1103872K
  class space    used 7987K, capacity 8553K, committed 8616K, reserved 1048576K

